{
  "RSpec": {
    "coverage": {
      "/home/dev/Rails/Test Project/instagram-clone/spec/models/account_spec.rb": {
        "lines": [
          1,
          null,
          null,
          1,
          null,
          8,
          6,
          null,
          1,
          1,
          2,
          2,
          2,
          2,
          null,
          2,
          2,
          null,
          null,
          null,
          1,
          2,
          null,
          null,
          null,
          null,
          null,
          1,
          1,
          1,
          1,
          null,
          1,
          null,
          null,
          null,
          1,
          1,
          1,
          null,
          null,
          1,
          1,
          1,
          1,
          null,
          null,
          null,
          1,
          1,
          1,
          null,
          1,
          1,
          null,
          null,
          1,
          1,
          null,
          1,
          1,
          null,
          null,
          null,
          1,
          null,
          1,
          1,
          1,
          null,
          null,
          1,
          1,
          1,
          1,
          null,
          null,
          null,
          1,
          1,
          1,
          1,
          null,
          null,
          1,
          1,
          1,
          1,
          1,
          null,
          null,
          null,
          null,
          null,
          null
        ]
      },
      "/home/dev/Rails/Test Project/instagram-clone/spec/rails_helper.rb": {
        "lines": [
          null,
          1,
          1,
          1,
          null,
          1,
          1,
          null,
          null,
          null,
          null,
          null,
          null,
          null,
          null,
          null,
          null,
          null,
          null,
          null,
          null,
          null,
          null,
          null,
          null,
          null,
          null,
          1,
          null,
          0,
          0,
          null,
          1,
          null,
          1,
          null,
          null,
          null,
          null,
          1,
          null,
          null,
          null,
          null,
          null,
          null,
          null,
          null,
          null,
          null,
          null,
          null,
          null,
          null,
          null,
          null,
          null,
          1,
          null,
          null,
          1,
          null,
          null,
          null,
          null,
          1,
          null,
          null,
          1,
          1,
          1,
          1,
          null,
          null
        ]
      },
      "/home/dev/Rails/Test Project/instagram-clone/config/environment.rb": {
        "lines": [
          null,
          1,
          null,
          null,
          1,
          null,
          1,
          1
        ]
      },
      "/home/dev/Rails/Test Project/instagram-clone/config/application.rb": {
        "lines": [
          1,
          null,
          1,
          null,
          null,
          null,
          1,
          null,
          1,
          1,
          null,
          1,
          1,
          1,
          null,
          1,
          null,
          null,
          null,
          null,
          null,
          null,
          null
        ]
      },
      "/home/dev/Rails/Test Project/instagram-clone/config/boot.rb": {
        "lines": [
          1,
          null,
          1,
          1
        ]
      },
      "/home/dev/Rails/Test Project/instagram-clone/config/environments/test.rb": {
        "lines": [
          1,
          null,
          null,
          null,
          null,
          null,
          null,
          1,
          null,
          null,
          null,
          null,
          1,
          null,
          null,
          1,
          1,
          null,
          null,
          null,
          null,
          1,
          1,
          null,
          null,
          1,
          null,
          null,
          1,
          null,
          null,
          1,
          null,
          1,
          null,
          null,
          null,
          null,
          1,
          null,
          null,
          1,
          null,
          null,
          null,
          null
        ]
      },
      "/home/dev/Rails/Test Project/instagram-clone/config/initializers/application_controller_renderer.rb": {
        "lines": [
          null,
          null,
          null,
          null,
          null,
          null,
          null,
          null
        ]
      },
      "/home/dev/Rails/Test Project/instagram-clone/config/initializers/assets.rb": {
        "lines": [
          null,
          null,
          null,
          1,
          null,
          null,
          null,
          null,
          1,
          null,
          null,
          null,
          null,
          null
        ]
      },
      "/home/dev/Rails/Test Project/instagram-clone/config/initializers/backtrace_silencers.rb": {
        "lines": [
          null,
          null,
          null,
          null,
          null,
          null,
          null
        ]
      },
      "/home/dev/Rails/Test Project/instagram-clone/config/initializers/cloudinary.rb": {
        "lines": [
          1,
          1,
          1,
          1,
          1,
          1,
          null
        ]
      },
      "/home/dev/Rails/Test Project/instagram-clone/config/initializers/content_security_policy.rb": {
        "lines": [
          null,
          null,
          null,
          null,
          null,
          null,
          null,
          null,
          null,
          null,
          null,
          null,
          null,
          null,
          null,
          null,
          null,
          null,
          null,
          null,
          null,
          null,
          null,
          null,
          null
        ]
      },
      "/home/dev/Rails/Test Project/instagram-clone/config/initializers/cookies_serializer.rb": {
        "lines": [
          null,
          null,
          null,
          null,
          1
        ]
      },
      "/home/dev/Rails/Test Project/instagram-clone/config/initializers/devise.rb": {
        "lines": [
          null,
          null,
          null,
          null,
          null,
          null,
          null,
          null,
          null,
          null,
          1,
          null,
          null,
          null,
          null,
          null,
          null,
          null,
          null,
          null,
          null,
          null,
          null,
          null,
          null,
          null,
          1,
          null,
          null,
          null,
          null,
          null,
          null,
          null,
          null,
          null,
          null,
          null,
          1,
          null,
          null,
          null,
          null,
          null,
          null,
          null,
          null,
          null,
          null,
          null,
          null,
          null,
          null,
          null,
          null,
          null,
          null,
          null,
          null,
          null,
          1,
          null,
          null,
          null,
          null,
          1,
          null,
          null,
          null,
          null,
          null,
          null,
          null,
          null,
          null,
          null,
          null,
          null,
          null,
          null,
          null,
          null,
          null,
          null,
          null,
          null,
          null,
          null,
          null,
          null,
          null,
          null,
          null,
          null,
          null,
          null,
          null,
          null,
          null,
          1,
          null,
          null,
          null,
          null,
          null,
          null,
          null,
          null,
          null,
          null,
          null,
          null,
          null,
          null,
          null,
          null,
          null,
          null,
          null,
          null,
          null,
          null,
          null,
          null,
          null,
          1,
          null,
          null,
          null,
          null,
          null,
          null,
          null,
          null,
          null,
          null,
          null,
          null,
          null,
          null,
          null,
          null,
          null,
          null,
          null,
          null,
          null,
          null,
          null,
          null,
          null,
          null,
          null,
          null,
          null,
          null,
          null,
          null,
          null,
          1,
          null,
          null,
          null,
          null,
          null,
          null,
          null,
          null,
          null,
          1,
          null,
          null,
          null,
          null,
          null,
          null,
          null,
          null,
          null,
          null,
          1,
          null,
          null,
          null,
          null,
          1,
          null,
          null,
          null,
          null,
          null,
          null,
          null,
          null,
          null,
          null,
          null,
          null,
          null,
          null,
          null,
          null,
          null,
          null,
          null,
          null,
          null,
          null,
          null,
          null,
          null,
          null,
          null,
          null,
          null,
          null,
          null,
          null,
          null,
          null,
          null,
          null,
          null,
          null,
          null,
          null,
          1,
          null,
          null,
          null,
          null,
          null,
          null,
          null,
          null,
          null,
          null,
          null,
          null,
          null,
          null,
          null,
          null,
          null,
          null,
          null,
          null,
          null,
          null,
          null,
          null,
          null,
          null,
          null,
          null,
          null,
          null,
          null,
          null,
          null,
          null,
          null,
          null,
          null,
          null,
          null,
          null,
          null,
          1,
          null,
          null,
          null,
          null,
          null,
          null,
          null,
          null,
          null,
          null,
          null,
          null,
          null,
          null,
          null,
          null,
          null,
          null,
          null,
          null,
          null,
          null,
          null,
          null,
          null,
          null,
          null,
          null,
          null,
          null,
          null,
          null,
          null,
          null,
          null,
          null,
          null,
          null,
          null,
          null,
          null,
          null
        ]
      },
      "/home/dev/Rails/Test Project/instagram-clone/config/initializers/filter_parameter_logging.rb": {
        "lines": [
          null,
          null,
          null,
          1
        ]
      },
      "/home/dev/Rails/Test Project/instagram-clone/config/initializers/inflections.rb": {
        "lines": [
          null,
          null,
          null,
          null,
          null,
          null,
          null,
          null,
          null,
          null,
          null,
          null,
          null,
          null,
          null,
          null
        ]
      },
      "/home/dev/Rails/Test Project/instagram-clone/config/initializers/mime_types.rb": {
        "lines": [
          null,
          null,
          null,
          null
        ]
      },
      "/home/dev/Rails/Test Project/instagram-clone/config/initializers/wrap_parameters.rb": {
        "lines": [
          null,
          null,
          null,
          null,
          null,
          null,
          1,
          2,
          null,
          null,
          null,
          null,
          null,
          null
        ]
      },
      "/home/dev/Rails/Test Project/instagram-clone/spec/factories/accounts.rb": {
        "lines": [
          1,
          1,
          24,
          25,
          25,
          25,
          null,
          null
        ]
      },
      "/home/dev/Rails/Test Project/instagram-clone/spec/factories/comments.rb": {
        "lines": [
          1,
          1,
          1,
          1,
          1,
          null,
          null
        ]
      },
      "/home/dev/Rails/Test Project/instagram-clone/spec/factories/photos.rb": {
        "lines": [
          1,
          1,
          1,
          null,
          null
        ]
      },
      "/home/dev/Rails/Test Project/instagram-clone/spec/factories/posts.rb": {
        "lines": [
          1,
          1,
          1,
          9,
          null,
          null,
          null,
          null,
          null,
          null,
          null
        ]
      },
      "/home/dev/Rails/Test Project/instagram-clone/config/routes.rb": {
        "lines": [
          1,
          1,
          1,
          null,
          1,
          null,
          1,
          1,
          1,
          null,
          1,
          1,
          1,
          1,
          null,
          null,
          1,
          1,
          null,
          null,
          null,
          null,
          null,
          null
        ]
      },
      "/home/dev/Rails/Test Project/instagram-clone/app/models/account.rb": {
        "lines": [
          1,
          59,
          1,
          1,
          1,
          1,
          null,
          1,
          1,
          null,
          1,
          1,
          null,
          null,
          null,
          1,
          null,
          null,
          1,
          null,
          1,
          null,
          null,
          1,
          1,
          null,
          null,
          1,
          1,
          null,
          null,
          1,
          5,
          null,
          null,
          1,
          1,
          1,
          1,
          1,
          null,
          null,
          1,
          2,
          null,
          null,
          1,
          2,
          1,
          null,
          1,
          null,
          null,
          null,
          1,
          1,
          null,
          1,
          null,
          null
        ]
      },
      "/home/dev/Rails/Test Project/instagram-clone/app/models/application_record.rb": {
        "lines": [
          1,
          1,
          null
        ]
      },
      "/home/dev/Rails/Test Project/instagram-clone/app/uploaders/photo_uploader.rb": {
        "lines": [
          1,
          1,
          null,
          null,
          null,
          null,
          null,
          null,
          null,
          null,
          null,
          null,
          1,
          0,
          null,
          null,
          1,
          1,
          null,
          1,
          1,
          null,
          null,
          null,
          null,
          1,
          1,
          null,
          null,
          1,
          0,
          null,
          null,
          null,
          null,
          null,
          null,
          null,
          null,
          null,
          null,
          null,
          null,
          null,
          null,
          null,
          null,
          null,
          null,
          null,
          null,
          null,
          null,
          null,
          null,
          null,
          null,
          null,
          null,
          null,
          null,
          null,
          null,
          null,
          null
        ]
      },
      "/home/dev/Rails/Test Project/instagram-clone/app/helpers/application_helper.rb": {
        "lines": [
          1,
          null
        ]
      },
      "/home/dev/Rails/Test Project/instagram-clone/app/helpers/comments_helper.rb": {
        "lines": [
          1,
          null
        ]
      },
      "/home/dev/Rails/Test Project/instagram-clone/app/helpers/errors_helper.rb": {
        "lines": [
          1,
          null
        ]
      },
      "/home/dev/Rails/Test Project/instagram-clone/app/helpers/follows_helper.rb": {
        "lines": [
          1,
          null
        ]
      },
      "/home/dev/Rails/Test Project/instagram-clone/app/helpers/likes_helper.rb": {
        "lines": [
          1,
          null
        ]
      },
      "/home/dev/Rails/Test Project/instagram-clone/app/helpers/photos_helper.rb": {
        "lines": [
          1,
          null
        ]
      },
      "/home/dev/Rails/Test Project/instagram-clone/app/helpers/posts_helper.rb": {
        "lines": [
          1,
          null
        ]
      },
      "/home/dev/Rails/Test Project/instagram-clone/app/helpers/profile_helper.rb": {
        "lines": [
          1,
          null,
          1,
          0,
          null,
          null,
          1,
          0,
          null,
          0,
          null,
          null
        ]
      },
      "/home/dev/Rails/Test Project/instagram-clone/app/helpers/stories_helper.rb": {
        "lines": [
          1,
          null
        ]
      },
      "/home/dev/Rails/Test Project/instagram-clone/spec/models/comment_spec.rb": {
        "lines": [
          1,
          null,
          1,
          1,
          null
        ]
      },
      "/home/dev/Rails/Test Project/instagram-clone/app/models/comment.rb": {
        "lines": [
          1,
          1,
          1,
          1,
          null,
          1,
          null,
          1,
          null
        ]
      },
      "/home/dev/Rails/Test Project/instagram-clone/spec/models/photo_spec.rb": {
        "lines": [
          1,
          null,
          1,
          1,
          null
        ]
      },
      "/home/dev/Rails/Test Project/instagram-clone/app/models/photo.rb": {
        "lines": [
          1,
          1,
          1,
          null,
          1,
          1,
          null
        ]
      },
      "/home/dev/Rails/Test Project/instagram-clone/spec/models/post_spec.rb": {
        "lines": [
          1,
          null,
          1,
          null,
          8,
          4,
          null,
          1,
          1,
          2,
          2,
          2,
          null,
          null,
          1,
          2,
          null,
          null,
          null,
          null,
          1,
          1,
          1,
          null,
          null,
          1,
          1,
          1,
          1,
          null,
          null,
          null,
          1,
          1,
          1,
          null,
          1,
          null,
          1,
          null,
          null,
          null,
          null,
          1,
          1,
          1,
          1,
          1,
          null,
          null,
          1,
          1,
          1,
          null,
          null,
          null,
          1,
          1,
          1,
          1,
          null,
          null,
          1,
          1,
          1,
          1,
          null,
          null,
          1,
          1,
          1,
          1,
          null,
          null,
          null,
          null,
          null,
          null,
          null,
          null,
          null,
          null,
          null,
          null,
          null,
          null,
          null,
          null
        ]
      },
      "/home/dev/Rails/Test Project/instagram-clone/app/models/post.rb": {
        "lines": [
          1,
          26,
          null,
          1,
          1,
          1,
          5,
          null,
          1,
          2,
          null,
          null,
          1,
          2,
          null,
          null,
          1,
          2,
          null,
          null,
          1,
          1,
          null,
          null,
          1,
          2,
          null,
          null,
          null
        ]
      },
      "/home/dev/Rails/Test Project/instagram-clone/app/models/follow.rb": {
        "lines": [
          1,
          1,
          1,
          null
        ]
      },
      "/home/dev/Rails/Test Project/instagram-clone/app/models/like.rb": {
        "lines": [
          1,
          1,
          1,
          null,
          1,
          null,
          null
        ]
      },
      "/home/dev/Rails/Test Project/instagram-clone/app/models/story.rb": {
        "lines": [
          1,
          1,
          1,
          null,
          1,
          1,
          null,
          1,
          0,
          null,
          null
        ]
      }
    },
    "timestamp": 1664893682
  }
}
